0 info it worked if it ends with ok
1 verbose cli [ '/usr/local/bin/node', '/usr/local/bin/npm', 'i', 'rpi-gpio' ]
2 info using npm@2.14.7
3 info using node@v4.2.3
4 verbose install initial load of /home/pi/server/package.json
5 warn package.json server@0.0.0 No description
6 warn package.json server@0.0.0 No README data
7 warn package.json server@0.0.0 No license field.
8 verbose installManyTop reading scoped package data from /home/pi/server/node_modules/body-parser/package.json
9 verbose installManyTop reading scoped package data from /home/pi/server/node_modules/express/package.json
10 verbose installManyTop reading scoped package data from /home/pi/server/node_modules/lodash/package.json
11 verbose readDependencies loading dependencies from /home/pi/server/package.json
12 silly cache add args [ 'rpi-gpio', null ]
13 verbose cache add spec rpi-gpio
14 silly cache add parsed spec Result {
14 silly cache add   raw: 'rpi-gpio',
14 silly cache add   scope: null,
14 silly cache add   name: 'rpi-gpio',
14 silly cache add   rawSpec: '',
14 silly cache add   spec: '*',
14 silly cache add   type: 'range' }
15 silly addNamed rpi-gpio@*
16 verbose addNamed "*" is a valid semver range for rpi-gpio
17 silly addNameRange { name: 'rpi-gpio', range: '*', hasData: false }
18 silly mapToRegistry name rpi-gpio
19 silly mapToRegistry using default registry
20 silly mapToRegistry registry https://registry.npmjs.org/
21 silly mapToRegistry uri https://registry.npmjs.org/rpi-gpio
22 verbose addNameRange registry:https://registry.npmjs.org/rpi-gpio not in flight; fetching
23 verbose request uri https://registry.npmjs.org/rpi-gpio
24 verbose request no auth needed
25 info attempt registry request try #1 at 5:49:11 AM
26 verbose request id 2ba68897b260c76d
27 verbose etag "1TPWI7ATI6R94TMPR9ZQ0QE6M"
28 http request GET https://registry.npmjs.org/rpi-gpio
29 http 304 https://registry.npmjs.org/rpi-gpio
30 verbose headers { date: 'Thu, 10 Dec 2015 05:49:12 GMT',
30 verbose headers   via: '1.1 varnish',
30 verbose headers   'cache-control': 'max-age=60',
30 verbose headers   etag: '"1TPWI7ATI6R94TMPR9ZQ0QE6M"',
30 verbose headers   age: '0',
30 verbose headers   connection: 'keep-alive',
30 verbose headers   'x-served-by': 'cache-ord1730-ORD',
30 verbose headers   'x-cache': 'MISS',
30 verbose headers   'x-cache-hits': '0',
30 verbose headers   'x-timer': 'S1449726552.325334,VS0,VE38',
30 verbose headers   vary: 'Accept' }
31 silly get cb [ 304,
31 silly get   { date: 'Thu, 10 Dec 2015 05:49:12 GMT',
31 silly get     via: '1.1 varnish',
31 silly get     'cache-control': 'max-age=60',
31 silly get     etag: '"1TPWI7ATI6R94TMPR9ZQ0QE6M"',
31 silly get     age: '0',
31 silly get     connection: 'keep-alive',
31 silly get     'x-served-by': 'cache-ord1730-ORD',
31 silly get     'x-cache': 'MISS',
31 silly get     'x-cache-hits': '0',
31 silly get     'x-timer': 'S1449726552.325334,VS0,VE38',
31 silly get     vary: 'Accept' } ]
32 verbose etag https://registry.npmjs.org/rpi-gpio from cache
33 verbose get saving rpi-gpio to /home/pi/.npm/registry.npmjs.org/rpi-gpio/.cache.json
34 silly addNameRange number 2 { name: 'rpi-gpio', range: '*', hasData: true }
35 silly addNameRange versions [ 'rpi-gpio',
35 silly addNameRange   [ '0.0.1',
35 silly addNameRange     '0.0.2',
35 silly addNameRange     '0.0.3',
35 silly addNameRange     '0.0.4',
35 silly addNameRange     '0.1.0',
35 silly addNameRange     '0.2.0',
35 silly addNameRange     '0.3.1',
35 silly addNameRange     '0.3.2',
35 silly addNameRange     '0.3.3',
35 silly addNameRange     '0.3.4',
35 silly addNameRange     '0.4.0',
35 silly addNameRange     '0.4.1',
35 silly addNameRange     '0.5.0',
35 silly addNameRange     '0.5.1',
35 silly addNameRange     '0.5.2',
35 silly addNameRange     '0.6.0',
35 silly addNameRange     '0.7.0' ] ]
36 silly addNamed rpi-gpio@0.7.0
37 verbose addNamed "0.7.0" is a plain semver version for rpi-gpio
38 silly cache afterAdd rpi-gpio@0.7.0
39 verbose afterAdd /home/pi/.npm/rpi-gpio/0.7.0/package/package.json not in flight; writing
40 verbose afterAdd /home/pi/.npm/rpi-gpio/0.7.0/package/package.json written
41 silly install resolved [ { name: 'rpi-gpio',
41 silly install resolved     version: '0.7.0',
41 silly install resolved     description: 'Control Raspberry Pi GPIO pins with node.js',
41 silly install resolved     main: 'rpi-gpio.js',
41 silly install resolved     'keywords:': [ 'raspberry', 'pi', 'gpio' ],
41 silly install resolved     directories: { test: 'test', integration: 'integration' },
41 silly install resolved     devDependencies: { mocha: '~1.18.2', sinon: '~1.9.0', istanbul: '~0.2.7' },
41 silly install resolved     scripts:
41 silly install resolved      { test: 'mocha',
41 silly install resolved        spec: 'mocha --reporter spec',
41 silly install resolved        coverage: 'istanbul cover _mocha',
41 silly install resolved        int: 'mocha test/integration' },
41 silly install resolved     repository:
41 silly install resolved      { type: 'git',
41 silly install resolved        url: 'git+https://github.com/JamesBarwell/rpi-gpio.js.git' },
41 silly install resolved     author: { name: 'James Barwell', email: 'jb@jamesbarwell.co.uk' },
41 silly install resolved     license: 'MIT',
41 silly install resolved     dependencies: { async: '1.x', debug: '2.x', epoll: '0.1.x' },
41 silly install resolved     gitHead: 'a864592b032310b7f3c369e3de0b6864feef3a19',
41 silly install resolved     bugs: { url: 'https://github.com/JamesBarwell/rpi-gpio.js/issues' },
41 silly install resolved     homepage: 'https://github.com/JamesBarwell/rpi-gpio.js#readme',
41 silly install resolved     _id: 'rpi-gpio@0.7.0',
41 silly install resolved     _shasum: 'a71ea43a2701d13ae9003ef0e46c6bcd3dc413ca',
41 silly install resolved     _from: 'rpi-gpio@*',
41 silly install resolved     _npmVersion: '2.11.3',
41 silly install resolved     _nodeVersion: '0.12.7',
41 silly install resolved     _npmUser: { name: 'jamesbarwell', email: 'jb@jamesbarwell.co.uk' },
41 silly install resolved     dist:
41 silly install resolved      { shasum: 'a71ea43a2701d13ae9003ef0e46c6bcd3dc413ca',
41 silly install resolved        tarball: 'http://registry.npmjs.org/rpi-gpio/-/rpi-gpio-0.7.0.tgz' },
41 silly install resolved     maintainers: [ [Object] ],
41 silly install resolved     _resolved: 'https://registry.npmjs.org/rpi-gpio/-/rpi-gpio-0.7.0.tgz',
41 silly install resolved     readme: 'ERROR: No README data found!' } ]
42 info install rpi-gpio@0.7.0 into /home/pi/server
43 info installOne rpi-gpio@0.7.0
44 verbose installOne of rpi-gpio to /home/pi/server not in flight; installing
45 verbose lock using /home/pi/.npm/_locks/rpi-gpio-bfb6bee3154d806c.lock for /home/pi/server/node_modules/rpi-gpio
46 silly install write writing rpi-gpio 0.7.0 to /home/pi/server/node_modules/rpi-gpio
47 verbose unbuild node_modules/rpi-gpio
48 silly gentlyRm /home/pi/server/node_modules/rpi-gpio is being purged from base /home/pi/server
49 verbose gentlyRm don't care about contents; nuking /home/pi/server/node_modules/rpi-gpio
50 verbose tar unpack /home/pi/.npm/rpi-gpio/0.7.0/package.tgz
51 verbose tar unpacking to /home/pi/server/node_modules/rpi-gpio
52 silly gentlyRm /home/pi/server/node_modules/rpi-gpio is being purged
53 verbose gentlyRm don't care about contents; nuking /home/pi/server/node_modules/rpi-gpio
54 silly gunzTarPerm modes [ '755', '644' ]
55 silly gunzTarPerm extractEntry package.json
56 silly gunzTarPerm modified mode [ 'package.json', 436, 420 ]
57 silly gunzTarPerm extractEntry .npmignore
58 silly gunzTarPerm modified mode [ '.npmignore', 509, 493 ]
59 silly gunzTarPerm extractEntry README.md
60 silly gunzTarPerm modified mode [ 'README.md', 509, 493 ]
61 silly gunzTarPerm extractEntry rpi-gpio.js
62 silly gunzTarPerm modified mode [ 'rpi-gpio.js', 509, 493 ]
63 silly gunzTarPerm extractEntry .travis.yml
64 silly gunzTarPerm modified mode [ '.travis.yml', 509, 493 ]
65 silly gunzTarPerm extractEntry MIT-LICENSE.txt
66 silly gunzTarPerm modified mode [ 'MIT-LICENSE.txt', 436, 420 ]
67 silly gunzTarPerm extractEntry test/main.js
68 silly gunzTarPerm modified mode [ 'test/main.js', 509, 493 ]
69 silly gunzTarPerm extractEntry test/integration/main.js
70 silly gunzTarPerm modified mode [ 'test/integration/main.js', 436, 420 ]
71 verbose write writing to /home/pi/server/node_modules/rpi-gpio/package.json
72 info preinstall rpi-gpio@0.7.0
73 verbose readDependencies loading dependencies from /home/pi/server/node_modules/rpi-gpio/package.json
74 silly prepareForInstallMany adding async@1.x from rpi-gpio dependencies
75 silly prepareForInstallMany adding debug@2.x from rpi-gpio dependencies
76 silly prepareForInstallMany adding epoll@0.1.x from rpi-gpio dependencies
77 verbose readDependencies loading dependencies from /home/pi/server/node_modules/rpi-gpio/package.json
78 silly cache add args [ 'async@1.x', null ]
79 verbose cache add spec async@1.x
80 silly cache add parsed spec Result {
80 silly cache add   raw: 'async@1.x',
80 silly cache add   scope: null,
80 silly cache add   name: 'async',
80 silly cache add   rawSpec: '1.x',
80 silly cache add   spec: '>=1.0.0 <2.0.0',
80 silly cache add   type: 'range' }
81 silly addNamed async@>=1.0.0 <2.0.0
82 verbose addNamed ">=1.0.0 <2.0.0" is a valid semver range for async
83 silly addNameRange { name: 'async', range: '>=1.0.0 <2.0.0', hasData: false }
84 silly mapToRegistry name async
85 silly mapToRegistry using default registry
86 silly mapToRegistry registry https://registry.npmjs.org/
87 silly mapToRegistry uri https://registry.npmjs.org/async
88 verbose addNameRange registry:https://registry.npmjs.org/async not in flight; fetching
89 silly cache add args [ 'debug@2.x', null ]
90 verbose cache add spec debug@2.x
91 silly cache add parsed spec Result {
91 silly cache add   raw: 'debug@2.x',
91 silly cache add   scope: null,
91 silly cache add   name: 'debug',
91 silly cache add   rawSpec: '2.x',
91 silly cache add   spec: '>=2.0.0 <3.0.0',
91 silly cache add   type: 'range' }
92 silly addNamed debug@>=2.0.0 <3.0.0
93 verbose addNamed ">=2.0.0 <3.0.0" is a valid semver range for debug
94 silly addNameRange { name: 'debug', range: '>=2.0.0 <3.0.0', hasData: false }
95 silly mapToRegistry name debug
96 silly mapToRegistry using default registry
97 silly mapToRegistry registry https://registry.npmjs.org/
98 silly mapToRegistry uri https://registry.npmjs.org/debug
99 verbose addNameRange registry:https://registry.npmjs.org/debug not in flight; fetching
100 silly cache add args [ 'epoll@0.1.x', null ]
101 verbose cache add spec epoll@0.1.x
102 silly cache add parsed spec Result {
102 silly cache add   raw: 'epoll@0.1.x',
102 silly cache add   scope: null,
102 silly cache add   name: 'epoll',
102 silly cache add   rawSpec: '0.1.x',
102 silly cache add   spec: '>=0.1.0 <0.2.0',
102 silly cache add   type: 'range' }
103 silly addNamed epoll@>=0.1.0 <0.2.0
104 verbose addNamed ">=0.1.0 <0.2.0" is a valid semver range for epoll
105 silly addNameRange { name: 'epoll', range: '>=0.1.0 <0.2.0', hasData: false }
106 silly mapToRegistry name epoll
107 silly mapToRegistry using default registry
108 silly mapToRegistry registry https://registry.npmjs.org/
109 silly mapToRegistry uri https://registry.npmjs.org/epoll
110 verbose addNameRange registry:https://registry.npmjs.org/epoll not in flight; fetching
111 verbose request uri https://registry.npmjs.org/async
112 verbose request no auth needed
113 info attempt registry request try #1 at 5:49:13 AM
114 verbose etag "CH98R8OZ86C2S40QVWEXBEHLD"
115 http request GET https://registry.npmjs.org/async
116 verbose request uri https://registry.npmjs.org/debug
117 verbose request no auth needed
118 info attempt registry request try #1 at 5:49:13 AM
119 verbose etag "8QPX5VMZUSORM8R5JDLQRKUMF"
120 http request GET https://registry.npmjs.org/debug
121 verbose request uri https://registry.npmjs.org/epoll
122 verbose request no auth needed
123 info attempt registry request try #1 at 5:49:13 AM
124 verbose etag "1EN9BAE5H44IDXRCFFDPXY0AZ"
125 http request GET https://registry.npmjs.org/epoll
126 http 304 https://registry.npmjs.org/async
127 verbose headers { date: 'Thu, 10 Dec 2015 05:49:13 GMT',
127 verbose headers   via: '1.1 varnish',
127 verbose headers   'cache-control': 'max-age=60',
127 verbose headers   etag: '"CH98R8OZ86C2S40QVWEXBEHLD"',
127 verbose headers   age: '49',
127 verbose headers   connection: 'keep-alive',
127 verbose headers   'x-served-by': 'cache-ord1728-ORD',
127 verbose headers   'x-cache': 'HIT',
127 verbose headers   'x-cache-hits': '3',
127 verbose headers   'x-timer': 'S1449726553.810340,VS0,VE0',
127 verbose headers   vary: 'Accept' }
128 silly get cb [ 304,
128 silly get   { date: 'Thu, 10 Dec 2015 05:49:13 GMT',
128 silly get     via: '1.1 varnish',
128 silly get     'cache-control': 'max-age=60',
128 silly get     etag: '"CH98R8OZ86C2S40QVWEXBEHLD"',
128 silly get     age: '49',
128 silly get     connection: 'keep-alive',
128 silly get     'x-served-by': 'cache-ord1728-ORD',
128 silly get     'x-cache': 'HIT',
128 silly get     'x-cache-hits': '3',
128 silly get     'x-timer': 'S1449726553.810340,VS0,VE0',
128 silly get     vary: 'Accept' } ]
129 verbose etag https://registry.npmjs.org/async from cache
130 verbose get saving async to /home/pi/.npm/registry.npmjs.org/async/.cache.json
131 http 304 https://registry.npmjs.org/debug
132 verbose headers { date: 'Thu, 10 Dec 2015 05:49:13 GMT',
132 verbose headers   via: '1.1 varnish',
132 verbose headers   'cache-control': 'max-age=60',
132 verbose headers   etag: '"8QPX5VMZUSORM8R5JDLQRKUMF"',
132 verbose headers   age: '35',
132 verbose headers   connection: 'keep-alive',
132 verbose headers   'x-served-by': 'cache-ord1720-ORD',
132 verbose headers   'x-cache': 'HIT',
132 verbose headers   'x-cache-hits': '1',
132 verbose headers   'x-timer': 'S1449726553.849161,VS0,VE0',
132 verbose headers   vary: 'Accept' }
133 silly get cb [ 304,
133 silly get   { date: 'Thu, 10 Dec 2015 05:49:13 GMT',
133 silly get     via: '1.1 varnish',
133 silly get     'cache-control': 'max-age=60',
133 silly get     etag: '"8QPX5VMZUSORM8R5JDLQRKUMF"',
133 silly get     age: '35',
133 silly get     connection: 'keep-alive',
133 silly get     'x-served-by': 'cache-ord1720-ORD',
133 silly get     'x-cache': 'HIT',
133 silly get     'x-cache-hits': '1',
133 silly get     'x-timer': 'S1449726553.849161,VS0,VE0',
133 silly get     vary: 'Accept' } ]
134 verbose etag https://registry.npmjs.org/debug from cache
135 verbose get saving debug to /home/pi/.npm/registry.npmjs.org/debug/.cache.json
136 http 304 https://registry.npmjs.org/epoll
137 verbose headers { date: 'Thu, 10 Dec 2015 05:49:13 GMT',
137 verbose headers   via: '1.1 varnish',
137 verbose headers   'cache-control': 'max-age=60',
137 verbose headers   etag: '"1EN9BAE5H44IDXRCFFDPXY0AZ"',
137 verbose headers   age: '0',
137 verbose headers   connection: 'keep-alive',
137 verbose headers   'x-served-by': 'cache-ord1732-ORD',
137 verbose headers   'x-cache': 'HIT',
137 verbose headers   'x-cache-hits': '1',
137 verbose headers   'x-timer': 'S1449726553.856080,VS0,VE39',
137 verbose headers   vary: 'Accept' }
138 silly get cb [ 304,
138 silly get   { date: 'Thu, 10 Dec 2015 05:49:13 GMT',
138 silly get     via: '1.1 varnish',
138 silly get     'cache-control': 'max-age=60',
138 silly get     etag: '"1EN9BAE5H44IDXRCFFDPXY0AZ"',
138 silly get     age: '0',
138 silly get     connection: 'keep-alive',
138 silly get     'x-served-by': 'cache-ord1732-ORD',
138 silly get     'x-cache': 'HIT',
138 silly get     'x-cache-hits': '1',
138 silly get     'x-timer': 'S1449726553.856080,VS0,VE39',
138 silly get     vary: 'Accept' } ]
139 verbose etag https://registry.npmjs.org/epoll from cache
140 verbose get saving epoll to /home/pi/.npm/registry.npmjs.org/epoll/.cache.json
141 silly addNameRange number 2 { name: 'async', range: '>=1.0.0 <2.0.0', hasData: true }
142 silly addNameRange versions [ 'async',
142 silly addNameRange   [ '0.1.0',
142 silly addNameRange     '0.1.1',
142 silly addNameRange     '0.1.2',
142 silly addNameRange     '0.1.3',
142 silly addNameRange     '0.1.4',
142 silly addNameRange     '0.1.5',
142 silly addNameRange     '0.1.6',
142 silly addNameRange     '0.1.7',
142 silly addNameRange     '0.1.8',
142 silly addNameRange     '0.1.9',
142 silly addNameRange     '0.1.10',
142 silly addNameRange     '0.1.11',
142 silly addNameRange     '0.1.12',
142 silly addNameRange     '0.1.13',
142 silly addNameRange     '0.1.14',
142 silly addNameRange     '0.1.15',
142 silly addNameRange     '0.1.16',
142 silly addNameRange     '0.1.17',
142 silly addNameRange     '0.1.18',
142 silly addNameRange     '0.1.19',
142 silly addNameRange     '0.1.20',
142 silly addNameRange     '0.1.21',
142 silly addNameRange     '0.1.22',
142 silly addNameRange     '0.2.0',
142 silly addNameRange     '0.2.1',
142 silly addNameRange     '0.2.2',
142 silly addNameRange     '0.2.3',
142 silly addNameRange     '0.2.4',
142 silly addNameRange     '0.2.5',
142 silly addNameRange     '0.2.6',
142 silly addNameRange     '0.2.7',
142 silly addNameRange     '0.2.8',
142 silly addNameRange     '0.2.9',
142 silly addNameRange     '0.2.10',
142 silly addNameRange     '0.3.0',
142 silly addNameRange     '0.4.0',
142 silly addNameRange     '0.4.1',
142 silly addNameRange     '0.5.0',
142 silly addNameRange     '0.6.0',
142 silly addNameRange     '0.6.1',
142 silly addNameRange     '0.6.2',
142 silly addNameRange     '0.7.0',
142 silly addNameRange     '0.8.0',
142 silly addNameRange     '0.9.0',
142 silly addNameRange     '0.9.2',
142 silly addNameRange     '1.0.0',
142 silly addNameRange     '1.1.0',
142 silly addNameRange     '1.2.0',
142 silly addNameRange     '1.1.1',
142 silly addNameRange     '1.2.1',
142 silly addNameRange     '1.3.0',
142 silly addNameRange     '1.4.0',
142 silly addNameRange     '1.4.1',
142 silly addNameRange     '1.4.2',
142 silly addNameRange     '1.5.0' ] ]
143 silly addNamed async@1.5.0
144 verbose addNamed "1.5.0" is a plain semver version for async
145 silly addNameRange number 2 { name: 'epoll', range: '>=0.1.0 <0.2.0', hasData: true }
146 silly addNameRange versions [ 'epoll',
146 silly addNameRange   [ '0.0.1',
146 silly addNameRange     '0.0.2',
146 silly addNameRange     '0.0.3',
146 silly addNameRange     '0.0.4',
146 silly addNameRange     '0.0.5',
146 silly addNameRange     '0.0.6',
146 silly addNameRange     '0.0.7',
146 silly addNameRange     '0.0.8',
146 silly addNameRange     '0.1.0',
146 silly addNameRange     '0.1.1',
146 silly addNameRange     '0.1.2',
146 silly addNameRange     '0.1.3',
146 silly addNameRange     '0.1.4',
146 silly addNameRange     '0.1.5',
146 silly addNameRange     '0.1.7',
146 silly addNameRange     '0.1.8',
146 silly addNameRange     '0.1.9',
146 silly addNameRange     '0.1.10',
146 silly addNameRange     '0.1.11',
146 silly addNameRange     '0.1.12',
146 silly addNameRange     '0.1.13',
146 silly addNameRange     '0.1.14',
146 silly addNameRange     '0.1.15',
146 silly addNameRange     '0.1.16' ] ]
147 silly addNamed epoll@0.1.16
148 verbose addNamed "0.1.16" is a plain semver version for epoll
149 silly cache afterAdd async@1.5.0
150 verbose afterAdd /home/pi/.npm/async/1.5.0/package/package.json not in flight; writing
151 silly addNameRange number 2 { name: 'debug', range: '>=2.0.0 <3.0.0', hasData: true }
152 silly addNameRange versions [ 'debug',
152 silly addNameRange   [ '0.0.1',
152 silly addNameRange     '0.1.0',
152 silly addNameRange     '0.2.0',
152 silly addNameRange     '0.3.0',
152 silly addNameRange     '0.4.0',
152 silly addNameRange     '0.4.1',
152 silly addNameRange     '0.5.0',
152 silly addNameRange     '0.6.0',
152 silly addNameRange     '0.7.0',
152 silly addNameRange     '0.7.1',
152 silly addNameRange     '0.7.2',
152 silly addNameRange     '0.7.3',
152 silly addNameRange     '0.7.4',
152 silly addNameRange     '0.8.0',
152 silly addNameRange     '0.8.1',
152 silly addNameRange     '1.0.0',
152 silly addNameRange     '1.0.1',
152 silly addNameRange     '1.0.2',
152 silly addNameRange     '1.0.3',
152 silly addNameRange     '1.0.4',
152 silly addNameRange     '2.0.0',
152 silly addNameRange     '2.1.0',
152 silly addNameRange     '2.1.1',
152 silly addNameRange     '2.1.2',
152 silly addNameRange     '2.1.3',
152 silly addNameRange     '2.2.0' ] ]
153 silly addNamed debug@2.2.0
154 verbose addNamed "2.2.0" is a plain semver version for debug
155 verbose afterAdd /home/pi/.npm/async/1.5.0/package/package.json written
156 silly cache afterAdd epoll@0.1.16
157 verbose afterAdd /home/pi/.npm/epoll/0.1.16/package/package.json not in flight; writing
158 silly cache afterAdd debug@2.2.0
159 verbose afterAdd /home/pi/.npm/debug/2.2.0/package/package.json not in flight; writing
160 verbose afterAdd /home/pi/.npm/epoll/0.1.16/package/package.json written
161 verbose afterAdd /home/pi/.npm/debug/2.2.0/package/package.json written
162 silly install resolved [ { name: 'async',
162 silly install resolved     description: 'Higher-order functions and common patterns for asynchronous code',
162 silly install resolved     main: 'lib/async.js',
162 silly install resolved     files: [ 'lib', 'dist/async.js', 'dist/async.min.js' ],
162 silly install resolved     author: { name: 'Caolan McMahon' },
162 silly install resolved     version: '1.5.0',
162 silly install resolved     keywords: [ 'async', 'callback', 'utility', 'module' ],
162 silly install resolved     repository: { type: 'git', url: 'git+https://github.com/caolan/async.git' },
162 silly install resolved     bugs: { url: 'https://github.com/caolan/async/issues' },
162 silly install resolved     license: 'MIT',
162 silly install resolved     devDependencies:
162 silly install resolved      { benchmark: 'github:bestiejs/benchmark.js',
162 silly install resolved        bluebird: '^2.9.32',
162 silly install resolved        chai: '^3.1.0',
162 silly install resolved        coveralls: '^2.11.2',
162 silly install resolved        'es6-promise': '^2.3.0',
162 silly install resolved        jscs: '^1.13.1',
162 silly install resolved        jshint: '~2.8.0',
162 silly install resolved        karma: '^0.13.2',
162 silly install resolved        'karma-browserify': '^4.2.1',
162 silly install resolved        'karma-firefox-launcher': '^0.1.6',
162 silly install resolved        'karma-mocha': '^0.2.0',
162 silly install resolved        'karma-mocha-reporter': '^1.0.2',
162 silly install resolved        lodash: '^3.9.0',
162 silly install resolved        mkdirp: '~0.5.1',
162 silly install resolved        mocha: '^2.2.5',
162 silly install resolved        'native-promise-only': '^0.8.0-a',
162 silly install resolved        nodeunit: '>0.0.0',
162 silly install resolved        nyc: '^2.1.0',
162 silly install resolved        rsvp: '^3.0.18',
162 silly install resolved        semver: '^4.3.6',
162 silly install resolved        'uglify-js': '~2.4.0',
162 silly install resolved        xyz: '^0.5.0',
162 silly install resolved        yargs: '~3.9.1' },
162 silly install resolved     jam: { main: 'lib/async.js', include: [Object], categories: [Object] },
162 silly install resolved     scripts:
162 silly install resolved      { 'mocha-node-test': 'mocha mocha_test/',
162 silly install resolved        'mocha-browser-test': 'karma start',
162 silly install resolved        'mocha-test': 'npm run mocha-node-test && npm run mocha-browser-test',
162 silly install resolved        'nodeunit-test': 'nodeunit test/test-async.js',
162 silly install resolved        test: 'npm run-script lint && npm run nodeunit-test && npm run mocha-test',
162 silly install resolved        lint: 'jshint lib/*.js test/*.js perf/*.js && jscs lib/*.js test/*.js perf/*.js',
162 silly install resolved        coverage: 'nyc npm test && nyc report',
162 silly install resolved        coveralls: 'nyc npm test && nyc report --reporter=text-lcov | coveralls' },
162 silly install resolved     spm: { main: 'lib/async.js' },
162 silly install resolved     volo: { main: 'lib/async.js', ignore: [Object] },
162 silly install resolved     gitHead: '621f13805aa326865b85dbbf7128baf7146ab976',
162 silly install resolved     homepage: 'https://github.com/caolan/async#readme',
162 silly install resolved     _id: 'async@1.5.0',
162 silly install resolved     _shasum: '2796642723573859565633fc6274444bee2f8ce3',
162 silly install resolved     _from: 'async@>=1.0.0 <2.0.0',
162 silly install resolved     _npmVersion: '2.14.2',
162 silly install resolved     _nodeVersion: '0.10.26',
162 silly install resolved     _npmUser: { name: 'aearly', email: 'alexander.early@gmail.com' },
162 silly install resolved     maintainers: [ [Object], [Object], [Object], [Object] ],
162 silly install resolved     dist:
162 silly install resolved      { shasum: '2796642723573859565633fc6274444bee2f8ce3',
162 silly install resolved        tarball: 'http://registry.npmjs.org/async/-/async-1.5.0.tgz' },
162 silly install resolved     directories: {},
162 silly install resolved     _resolved: 'https://registry.npmjs.org/async/-/async-1.5.0.tgz',
162 silly install resolved     readme: 'ERROR: No README data found!' },
162 silly install resolved   { name: 'epoll',
162 silly install resolved     version: '0.1.16',
162 silly install resolved     description: 'A low-level Node.js binding for the Linux epoll API',
162 silly install resolved     main: 'epoll.js',
162 silly install resolved     directories: { example: 'example', test: 'test' },
162 silly install resolved     scripts:
162 silly install resolved      { test: 'echo "Tests can only be run manually from the command line." && exit 1',
162 silly install resolved        install: 'node-gyp rebuild' },
162 silly install resolved     repository: { type: 'git', url: 'git+https://github.com/fivdi/epoll.git' },
162 silly install resolved     engines: { node: '>=0.8.0' },
162 silly install resolved     dependencies: { bindings: '~1.2.1', nan: '~2.1.0' },
162 silly install resolved     keywords:
162 silly install resolved      [ 'epoll',
162 silly install resolved        'epollpri',
162 silly install resolved        'poll',
162 silly install resolved        'pollpri',
162 silly install resolved        'gpio',
162 silly install resolved        'interrupt',
162 silly install resolved        'linux' ],
162 silly install resolved     author: { name: 'fivdi' },
162 silly install resolved     license: 'MIT',
162 silly install resolved     gypfile: true,
162 silly install resolved     gitHead: '2c5514c4c30331b674a20b694d7463f5a5d3f5dc',
162 silly install resolved     bugs: { url: 'https://github.com/fivdi/epoll/issues' },
162 silly install resolved     homepage: 'https://github.com/fivdi/epoll#readme',
162 silly install resolved     _id: 'epoll@0.1.16',
162 silly install resolved     _shasum: 'ccee67ea70055c3b9f8e6db75f5d908621236fe3',
162 silly install resolved     _from: 'epoll@>=0.1.0 <0.2.0',
162 silly install resolved     _npmVersion: '2.14.4',
162 silly install resolved     _nodeVersion: '4.1.1',
162 silly install resolved     _npmUser: { name: 'fivdi', email: 'fivdiweb@gmail.com' },
162 silly install resolved     maintainers: [ [Object] ],
162 silly install resolved     dist:
162 silly install resolved      { shasum: 'ccee67ea70055c3b9f8e6db75f5d908621236fe3',
162 silly install resolved        tarball: 'http://registry.npmjs.org/epoll/-/epoll-0.1.16.tgz' },
162 silly install resolved     _resolved: 'https://registry.npmjs.org/epoll/-/epoll-0.1.16.tgz',
162 silly install resolved     readme: 'ERROR: No README data found!' },
162 silly install resolved   { name: 'debug',
162 silly install resolved     version: '2.2.0',
162 silly install resolved     repository: { type: 'git', url: 'git://github.com/visionmedia/debug.git' },
162 silly install resolved     description: 'small debugging utility',
162 silly install resolved     keywords: [ 'debug', 'log', 'debugger' ],
162 silly install resolved     author: { name: 'TJ Holowaychuk', email: 'tj@vision-media.ca' },
162 silly install resolved     contributors: [ [Object] ],
162 silly install resolved     license: 'MIT',
162 silly install resolved     dependencies: { ms: '0.7.1' },
162 silly install resolved     devDependencies: { browserify: '9.0.3', mocha: '*' },
162 silly install resolved     main: './node.js',
162 silly install resolved     browser: './browser.js',
162 silly install resolved     component: { scripts: [Object] },
162 silly install resolved     gitHead: 'b38458422b5aa8aa6d286b10dfe427e8a67e2b35',
162 silly install resolved     bugs: { url: 'https://github.com/visionmedia/debug/issues' },
162 silly install resolved     homepage: 'https://github.com/visionmedia/debug',
162 silly install resolved     _id: 'debug@2.2.0',
162 silly install resolved     scripts: {},
162 silly install resolved     _shasum: 'f87057e995b1a1f6ae6a4960664137bc56f039da',
162 silly install resolved     _from: 'debug@>=2.0.0 <3.0.0',
162 silly install resolved     _npmVersion: '2.7.4',
162 silly install resolved     _nodeVersion: '0.12.2',
162 silly install resolved     _npmUser: { name: 'tootallnate', email: 'nathan@tootallnate.net' },
162 silly install resolved     maintainers: [ [Object], [Object] ],
162 silly install resolved     dist:
162 silly install resolved      { shasum: 'f87057e995b1a1f6ae6a4960664137bc56f039da',
162 silly install resolved        tarball: 'http://registry.npmjs.org/debug/-/debug-2.2.0.tgz' },
162 silly install resolved     directories: {},
162 silly install resolved     _resolved: 'https://registry.npmjs.org/debug/-/debug-2.2.0.tgz',
162 silly install resolved     readme: 'ERROR: No README data found!' } ]
163 info install async@1.5.0 into /home/pi/server/node_modules/rpi-gpio
164 info install epoll@0.1.16 into /home/pi/server/node_modules/rpi-gpio
165 info install debug@2.2.0 into /home/pi/server/node_modules/rpi-gpio
166 info installOne async@1.5.0
167 verbose installOne of async to /home/pi/server/node_modules/rpi-gpio not in flight; installing
168 info installOne epoll@0.1.16
169 verbose installOne of epoll to /home/pi/server/node_modules/rpi-gpio not in flight; installing
170 info installOne debug@2.2.0
171 verbose installOne of debug to /home/pi/server/node_modules/rpi-gpio not in flight; installing
172 verbose lock using /home/pi/.npm/_locks/async-eeace8e2cc6d3165.lock for /home/pi/server/node_modules/rpi-gpio/node_modules/async
173 verbose lock using /home/pi/.npm/_locks/epoll-4aff822916039a87.lock for /home/pi/server/node_modules/rpi-gpio/node_modules/epoll
174 verbose lock using /home/pi/.npm/_locks/debug-88d25f94c5a1976d.lock for /home/pi/server/node_modules/rpi-gpio/node_modules/debug
175 silly install write writing async 1.5.0 to /home/pi/server/node_modules/rpi-gpio/node_modules/async
176 silly install write writing epoll 0.1.16 to /home/pi/server/node_modules/rpi-gpio/node_modules/epoll
177 silly install write writing debug 2.2.0 to /home/pi/server/node_modules/rpi-gpio/node_modules/debug
178 verbose unbuild node_modules/rpi-gpio/node_modules/async
179 verbose unbuild node_modules/rpi-gpio/node_modules/epoll
180 verbose unbuild node_modules/rpi-gpio/node_modules/debug
181 silly gentlyRm /home/pi/server/node_modules/rpi-gpio/node_modules/async is being purged from base /home/pi/server
182 verbose gentlyRm don't care about contents; nuking /home/pi/server/node_modules/rpi-gpio/node_modules/async
183 silly gentlyRm /home/pi/server/node_modules/rpi-gpio/node_modules/epoll is being purged from base /home/pi/server
184 verbose gentlyRm don't care about contents; nuking /home/pi/server/node_modules/rpi-gpio/node_modules/epoll
185 silly gentlyRm /home/pi/server/node_modules/rpi-gpio/node_modules/debug is being purged from base /home/pi/server
186 verbose gentlyRm don't care about contents; nuking /home/pi/server/node_modules/rpi-gpio/node_modules/debug
187 verbose tar unpack /home/pi/.npm/async/1.5.0/package.tgz
188 verbose tar unpacking to /home/pi/server/node_modules/rpi-gpio/node_modules/async
189 silly gentlyRm /home/pi/server/node_modules/rpi-gpio/node_modules/async is being purged
190 verbose gentlyRm don't care about contents; nuking /home/pi/server/node_modules/rpi-gpio/node_modules/async
191 verbose tar unpack /home/pi/.npm/epoll/0.1.16/package.tgz
192 verbose tar unpacking to /home/pi/server/node_modules/rpi-gpio/node_modules/epoll
193 silly gentlyRm /home/pi/server/node_modules/rpi-gpio/node_modules/epoll is being purged
194 verbose gentlyRm don't care about contents; nuking /home/pi/server/node_modules/rpi-gpio/node_modules/epoll
195 verbose tar unpack /home/pi/.npm/debug/2.2.0/package.tgz
196 verbose tar unpacking to /home/pi/server/node_modules/rpi-gpio/node_modules/debug
197 silly gentlyRm /home/pi/server/node_modules/rpi-gpio/node_modules/debug is being purged
198 verbose gentlyRm don't care about contents; nuking /home/pi/server/node_modules/rpi-gpio/node_modules/debug
199 silly gunzTarPerm modes [ '755', '644' ]
200 silly gunzTarPerm modes [ '755', '644' ]
201 silly gunzTarPerm modes [ '755', '644' ]
202 silly gunzTarPerm extractEntry package.json
203 silly gunzTarPerm modified mode [ 'package.json', 436, 420 ]
204 silly gunzTarPerm extractEntry package.json
205 silly gunzTarPerm modified mode [ 'package.json', 436, 420 ]
206 silly gunzTarPerm extractEntry package.json
207 silly gunzTarPerm extractEntry README.md
208 silly gunzTarPerm modified mode [ 'README.md', 436, 420 ]
209 silly gunzTarPerm extractEntry LICENSE
210 silly gunzTarPerm modified mode [ 'LICENSE', 436, 420 ]
211 silly gunzTarPerm extractEntry .npmignore
212 silly gunzTarPerm modified mode [ '.npmignore', 436, 420 ]
213 silly gunzTarPerm extractEntry README.md
214 silly gunzTarPerm modified mode [ 'README.md', 436, 420 ]
215 silly gunzTarPerm extractEntry .npmignore
216 silly gunzTarPerm extractEntry node.js
217 silly gunzTarPerm extractEntry CHANGELOG.md
218 silly gunzTarPerm modified mode [ 'CHANGELOG.md', 436, 420 ]
219 silly gunzTarPerm extractEntry dist/async.js
220 silly gunzTarPerm modified mode [ 'dist/async.js', 436, 420 ]
221 silly gunzTarPerm extractEntry dist/async.min.js
222 silly gunzTarPerm modified mode [ 'dist/async.min.js', 436, 420 ]
223 silly gunzTarPerm extractEntry LICENSE
224 silly gunzTarPerm modified mode [ 'LICENSE', 436, 420 ]
225 silly gunzTarPerm extractEntry epoll.js
226 silly gunzTarPerm modified mode [ 'epoll.js', 436, 420 ]
227 silly gunzTarPerm extractEntry debug.js
228 silly gunzTarPerm extractEntry browser.js
229 silly gunzTarPerm extractEntry lib/async.js
230 silly gunzTarPerm modified mode [ 'lib/async.js', 436, 420 ]
231 silly gunzTarPerm extractEntry History.md
232 silly gunzTarPerm modified mode [ 'History.md', 436, 420 ]
233 silly gunzTarPerm extractEntry binding.gyp
234 silly gunzTarPerm modified mode [ 'binding.gyp', 436, 420 ]
235 silly gunzTarPerm extractEntry example/interrupts-per-second/interrupts-per-second.js
236 silly gunzTarPerm modified mode [ 'example/interrupts-per-second/interrupts-per-second.js',
236 silly gunzTarPerm   436,
236 silly gunzTarPerm   420 ]
237 silly gunzTarPerm extractEntry example/interrupts-per-second/export
238 silly gunzTarPerm modified mode [ 'example/interrupts-per-second/export', 509, 493 ]
239 silly gunzTarPerm extractEntry example/interrupts-per-second/unexport
240 silly gunzTarPerm modified mode [ 'example/interrupts-per-second/unexport', 509, 493 ]
241 silly gunzTarPerm extractEntry example/watch-button/watch-button.js
242 silly gunzTarPerm modified mode [ 'example/watch-button/watch-button.js', 436, 420 ]
243 silly gunzTarPerm extractEntry example/watch-button/export
244 silly gunzTarPerm modified mode [ 'example/watch-button/export', 509, 493 ]
245 silly gunzTarPerm extractEntry example/watch-button/unexport
246 silly gunzTarPerm modified mode [ 'example/watch-button/unexport', 509, 493 ]
247 silly gunzTarPerm extractEntry src/epoll.cc
248 silly gunzTarPerm modified mode [ 'src/epoll.cc', 436, 420 ]
249 silly gunzTarPerm extractEntry src/epoll.h
250 silly gunzTarPerm modified mode [ 'src/epoll.h', 436, 420 ]
251 silly gunzTarPerm extractEntry test/brute-force-leak-check.js
252 silly gunzTarPerm modified mode [ 'test/brute-force-leak-check.js', 436, 420 ]
253 silly gunzTarPerm extractEntry test/do-almost-nothing.js
254 silly gunzTarPerm modified mode [ 'test/do-almost-nothing.js', 436, 420 ]
255 silly gunzTarPerm extractEntry test/do-nothing.js
256 silly gunzTarPerm modified mode [ 'test/do-nothing.js', 436, 420 ]
257 silly gunzTarPerm extractEntry test/no-gc-allowed.js
258 silly gunzTarPerm modified mode [ 'test/no-gc-allowed.js', 436, 420 ]
259 silly gunzTarPerm extractEntry test/closed.js
260 silly gunzTarPerm modified mode [ 'test/closed.js', 436, 420 ]
261 silly gunzTarPerm extractEntry test/performance-check.js
262 silly gunzTarPerm modified mode [ 'test/performance-check.js', 436, 420 ]
263 silly gunzTarPerm extractEntry test/util.js
264 silly gunzTarPerm modified mode [ 'test/util.js', 436, 420 ]
265 silly gunzTarPerm extractEntry test/two-shot.js
266 silly gunzTarPerm modified mode [ 'test/two-shot.js', 436, 420 ]
267 silly gunzTarPerm extractEntry test/verify-events.js
268 silly gunzTarPerm modified mode [ 'test/verify-events.js', 436, 420 ]
269 silly gunzTarPerm extractEntry test/one-shot.js
270 silly gunzTarPerm modified mode [ 'test/one-shot.js', 436, 420 ]
271 silly gunzTarPerm extractEntry test/run-tests
272 silly gunzTarPerm modified mode [ 'test/run-tests', 509, 493 ]
273 silly gunzTarPerm extractEntry Readme.md
274 silly gunzTarPerm extractEntry bower.json
275 silly gunzTarPerm extractEntry .jshintrc
276 silly gunzTarPerm extractEntry component.json
277 silly gunzTarPerm extractEntry Makefile
278 silly gunzTarPerm extractEntry History.md
279 verbose write writing to /home/pi/server/node_modules/rpi-gpio/node_modules/async/package.json
280 info preinstall async@1.5.0
281 verbose readDependencies loading dependencies from /home/pi/server/node_modules/rpi-gpio/node_modules/async/package.json
282 verbose readDependencies loading dependencies from /home/pi/server/node_modules/rpi-gpio/node_modules/async/package.json
283 verbose write writing to /home/pi/server/node_modules/rpi-gpio/node_modules/debug/package.json
284 silly install resolved []
285 verbose about to build /home/pi/server/node_modules/rpi-gpio/node_modules/async
286 info build /home/pi/server/node_modules/rpi-gpio/node_modules/async
287 info preinstall debug@2.2.0
288 verbose readDependencies loading dependencies from /home/pi/server/node_modules/rpi-gpio/node_modules/debug/package.json
289 info linkStuff async@1.5.0
290 silly linkStuff async@1.5.0 has /home/pi/server/node_modules/rpi-gpio/node_modules as its parent node_modules
291 verbose linkBins async@1.5.0
292 verbose linkMans async@1.5.0
293 verbose rebuildBundles async@1.5.0
294 silly prepareForInstallMany adding ms@0.7.1 from debug dependencies
295 verbose readDependencies loading dependencies from /home/pi/server/node_modules/rpi-gpio/node_modules/debug/package.json
296 info install async@1.5.0
297 info postinstall async@1.5.0
298 verbose unlock done using /home/pi/.npm/_locks/async-eeace8e2cc6d3165.lock for /home/pi/server/node_modules/rpi-gpio/node_modules/async
299 silly cache add args [ 'ms@0.7.1', null ]
300 verbose cache add spec ms@0.7.1
301 silly cache add parsed spec Result {
301 silly cache add   raw: 'ms@0.7.1',
301 silly cache add   scope: null,
301 silly cache add   name: 'ms',
301 silly cache add   rawSpec: '0.7.1',
301 silly cache add   spec: '0.7.1',
301 silly cache add   type: 'version' }
302 silly addNamed ms@0.7.1
303 verbose addNamed "0.7.1" is a plain semver version for ms
304 silly mapToRegistry name ms
305 silly mapToRegistry using default registry
306 silly mapToRegistry registry https://registry.npmjs.org/
307 silly mapToRegistry uri https://registry.npmjs.org/ms
308 verbose addNameVersion registry:https://registry.npmjs.org/ms not in flight; fetching
309 verbose request uri https://registry.npmjs.org/ms
310 verbose request no auth needed
311 info attempt registry request try #1 at 5:49:15 AM
312 verbose etag "EP53UMG3H8UKSISBUYB6L4BM9"
313 http request GET https://registry.npmjs.org/ms
314 verbose write writing to /home/pi/server/node_modules/rpi-gpio/node_modules/epoll/package.json
315 info preinstall epoll@0.1.16
316 verbose readDependencies loading dependencies from /home/pi/server/node_modules/rpi-gpio/node_modules/epoll/package.json
317 silly prepareForInstallMany adding bindings@~1.2.1 from epoll dependencies
318 silly prepareForInstallMany adding nan@~2.1.0 from epoll dependencies
319 verbose readDependencies loading dependencies from /home/pi/server/node_modules/rpi-gpio/node_modules/epoll/package.json
320 http 304 https://registry.npmjs.org/ms
321 verbose headers { date: 'Thu, 10 Dec 2015 05:49:15 GMT',
321 verbose headers   via: '1.1 varnish',
321 verbose headers   'cache-control': 'max-age=60',
321 verbose headers   etag: '"EP53UMG3H8UKSISBUYB6L4BM9"',
321 verbose headers   age: '16',
321 verbose headers   connection: 'keep-alive',
321 verbose headers   'x-served-by': 'cache-ord1728-ORD',
321 verbose headers   'x-cache': 'HIT',
321 verbose headers   'x-cache-hits': '1',
321 verbose headers   'x-timer': 'S1449726555.433665,VS0,VE0',
321 verbose headers   vary: 'Accept' }
322 silly get cb [ 304,
322 silly get   { date: 'Thu, 10 Dec 2015 05:49:15 GMT',
322 silly get     via: '1.1 varnish',
322 silly get     'cache-control': 'max-age=60',
322 silly get     etag: '"EP53UMG3H8UKSISBUYB6L4BM9"',
322 silly get     age: '16',
322 silly get     connection: 'keep-alive',
322 silly get     'x-served-by': 'cache-ord1728-ORD',
322 silly get     'x-cache': 'HIT',
322 silly get     'x-cache-hits': '1',
322 silly get     'x-timer': 'S1449726555.433665,VS0,VE0',
322 silly get     vary: 'Accept' } ]
323 verbose etag https://registry.npmjs.org/ms from cache
324 verbose get saving ms to /home/pi/.npm/registry.npmjs.org/ms/.cache.json
325 silly cache add args [ 'bindings@~1.2.1', null ]
326 verbose cache add spec bindings@~1.2.1
327 silly cache add args [ 'nan@~2.1.0', null ]
328 verbose cache add spec nan@~2.1.0
329 silly cache add parsed spec Result {
329 silly cache add   raw: 'bindings@~1.2.1',
329 silly cache add   scope: null,
329 silly cache add   name: 'bindings',
329 silly cache add   rawSpec: '~1.2.1',
329 silly cache add   spec: '>=1.2.1 <1.3.0',
329 silly cache add   type: 'range' }
330 silly addNamed bindings@>=1.2.1 <1.3.0
331 verbose addNamed ">=1.2.1 <1.3.0" is a valid semver range for bindings
332 silly addNameRange { name: 'bindings', range: '>=1.2.1 <1.3.0', hasData: false }
333 silly mapToRegistry name bindings
334 silly mapToRegistry using default registry
335 silly mapToRegistry registry https://registry.npmjs.org/
336 silly mapToRegistry uri https://registry.npmjs.org/bindings
337 verbose addNameRange registry:https://registry.npmjs.org/bindings not in flight; fetching
338 silly cache add parsed spec Result {
338 silly cache add   raw: 'nan@~2.1.0',
338 silly cache add   scope: null,
338 silly cache add   name: 'nan',
338 silly cache add   rawSpec: '~2.1.0',
338 silly cache add   spec: '>=2.1.0 <2.2.0',
338 silly cache add   type: 'range' }
339 silly addNamed nan@>=2.1.0 <2.2.0
340 verbose addNamed ">=2.1.0 <2.2.0" is a valid semver range for nan
341 silly addNameRange { name: 'nan', range: '>=2.1.0 <2.2.0', hasData: false }
342 silly mapToRegistry name nan
343 silly mapToRegistry using default registry
344 silly mapToRegistry registry https://registry.npmjs.org/
345 silly mapToRegistry uri https://registry.npmjs.org/nan
346 verbose addNameRange registry:https://registry.npmjs.org/nan not in flight; fetching
347 verbose request uri https://registry.npmjs.org/bindings
348 verbose request no auth needed
349 info attempt registry request try #1 at 5:49:15 AM
350 verbose etag "2RXG5K4RRQWEOOFOAOOKVPOZR"
351 http request GET https://registry.npmjs.org/bindings
352 verbose request uri https://registry.npmjs.org/nan
353 verbose request no auth needed
354 info attempt registry request try #1 at 5:49:15 AM
355 verbose etag "7CEDVJA24M9BXRU7SU6WRSW4M"
356 http request GET https://registry.npmjs.org/nan
357 silly cache afterAdd ms@0.7.1
358 verbose afterAdd /home/pi/.npm/ms/0.7.1/package/package.json not in flight; writing
359 verbose afterAdd /home/pi/.npm/ms/0.7.1/package/package.json written
360 silly install resolved [ { name: 'ms',
360 silly install resolved     version: '0.7.1',
360 silly install resolved     description: 'Tiny ms conversion utility',
360 silly install resolved     repository: { type: 'git', url: 'git://github.com/guille/ms.js.git' },
360 silly install resolved     main: './index',
360 silly install resolved     devDependencies: { mocha: '*', 'expect.js': '*', serve: '*' },
360 silly install resolved     component: { scripts: [Object] },
360 silly install resolved     gitHead: '713dcf26d9e6fd9dbc95affe7eff9783b7f1b909',
360 silly install resolved     bugs: { url: 'https://github.com/guille/ms.js/issues' },
360 silly install resolved     homepage: 'https://github.com/guille/ms.js',
360 silly install resolved     _id: 'ms@0.7.1',
360 silly install resolved     scripts: {},
360 silly install resolved     _shasum: '9cd13c03adbff25b65effde7ce864ee952017098',
360 silly install resolved     _from: 'ms@0.7.1',
360 silly install resolved     _npmVersion: '2.7.5',
360 silly install resolved     _nodeVersion: '0.12.2',
360 silly install resolved     _npmUser: { name: 'rauchg', email: 'rauchg@gmail.com' },
360 silly install resolved     maintainers: [ [Object] ],
360 silly install resolved     dist:
360 silly install resolved      { shasum: '9cd13c03adbff25b65effde7ce864ee952017098',
360 silly install resolved        tarball: 'http://registry.npmjs.org/ms/-/ms-0.7.1.tgz' },
360 silly install resolved     directories: {},
360 silly install resolved     _resolved: 'https://registry.npmjs.org/ms/-/ms-0.7.1.tgz',
360 silly install resolved     readme: 'ERROR: No README data found!' } ]
361 info install ms@0.7.1 into /home/pi/server/node_modules/rpi-gpio/node_modules/debug
362 info installOne ms@0.7.1
363 verbose installOne of ms to /home/pi/server/node_modules/rpi-gpio/node_modules/debug not in flight; installing
364 verbose lock using /home/pi/.npm/_locks/ms-ebf3d45dff7f257e.lock for /home/pi/server/node_modules/rpi-gpio/node_modules/debug/node_modules/ms
365 silly install write writing ms 0.7.1 to /home/pi/server/node_modules/rpi-gpio/node_modules/debug/node_modules/ms
366 verbose unbuild node_modules/rpi-gpio/node_modules/debug/node_modules/ms
367 silly gentlyRm /home/pi/server/node_modules/rpi-gpio/node_modules/debug/node_modules/ms is being purged from base /home/pi/server
368 verbose gentlyRm don't care about contents; nuking /home/pi/server/node_modules/rpi-gpio/node_modules/debug/node_modules/ms
369 verbose tar unpack /home/pi/.npm/ms/0.7.1/package.tgz
370 verbose tar unpacking to /home/pi/server/node_modules/rpi-gpio/node_modules/debug/node_modules/ms
371 silly gentlyRm /home/pi/server/node_modules/rpi-gpio/node_modules/debug/node_modules/ms is being purged
372 verbose gentlyRm don't care about contents; nuking /home/pi/server/node_modules/rpi-gpio/node_modules/debug/node_modules/ms
373 silly gunzTarPerm modes [ '755', '644' ]
374 silly gunzTarPerm extractEntry package.json
375 silly gunzTarPerm extractEntry .npmignore
376 silly gunzTarPerm extractEntry README.md
377 silly gunzTarPerm extractEntry LICENSE
378 silly gunzTarPerm extractEntry index.js
379 silly gunzTarPerm extractEntry History.md
380 http 304 https://registry.npmjs.org/bindings
381 verbose headers { date: 'Thu, 10 Dec 2015 05:49:15 GMT',
381 verbose headers   via: '1.1 varnish',
381 verbose headers   'cache-control': 'max-age=60',
381 verbose headers   etag: '"2RXG5K4RRQWEOOFOAOOKVPOZR"',
381 verbose headers   age: '37',
381 verbose headers   connection: 'keep-alive',
381 verbose headers   'x-served-by': 'cache-ord1722-ORD',
381 verbose headers   'x-cache': 'HIT',
381 verbose headers   'x-cache-hits': '1',
381 verbose headers   'x-timer': 'S1449726555.782056,VS0,VE0',
381 verbose headers   vary: 'Accept' }
382 silly get cb [ 304,
382 silly get   { date: 'Thu, 10 Dec 2015 05:49:15 GMT',
382 silly get     via: '1.1 varnish',
382 silly get     'cache-control': 'max-age=60',
382 silly get     etag: '"2RXG5K4RRQWEOOFOAOOKVPOZR"',
382 silly get     age: '37',
382 silly get     connection: 'keep-alive',
382 silly get     'x-served-by': 'cache-ord1722-ORD',
382 silly get     'x-cache': 'HIT',
382 silly get     'x-cache-hits': '1',
382 silly get     'x-timer': 'S1449726555.782056,VS0,VE0',
382 silly get     vary: 'Accept' } ]
383 verbose etag https://registry.npmjs.org/bindings from cache
384 verbose get saving bindings to /home/pi/.npm/registry.npmjs.org/bindings/.cache.json
385 silly addNameRange number 2 { name: 'bindings', range: '>=1.2.1 <1.3.0', hasData: true }
386 silly addNameRange versions [ 'bindings',
386 silly addNameRange   [ '0.0.1',
386 silly addNameRange     '0.1.0',
386 silly addNameRange     '0.1.1',
386 silly addNameRange     '0.2.0',
386 silly addNameRange     '0.2.1',
386 silly addNameRange     '0.2.2',
386 silly addNameRange     '0.2.3',
386 silly addNameRange     '0.2.4',
386 silly addNameRange     '0.3.0',
386 silly addNameRange     '0.4.0',
386 silly addNameRange     '1.0.0',
386 silly addNameRange     '1.1.0',
386 silly addNameRange     '1.1.1',
386 silly addNameRange     '1.2.0',
386 silly addNameRange     '1.2.1' ] ]
387 silly addNamed bindings@1.2.1
388 verbose addNamed "1.2.1" is a plain semver version for bindings
389 http 304 https://registry.npmjs.org/nan
390 verbose headers { date: 'Thu, 10 Dec 2015 05:49:15 GMT',
390 verbose headers   via: '1.1 varnish',
390 verbose headers   'cache-control': 'max-age=60',
390 verbose headers   etag: '"7CEDVJA24M9BXRU7SU6WRSW4M"',
390 verbose headers   age: '31',
390 verbose headers   connection: 'keep-alive',
390 verbose headers   'x-served-by': 'cache-ord1720-ORD',
390 verbose headers   'x-cache': 'HIT',
390 verbose headers   'x-cache-hits': '1',
390 verbose headers   'x-timer': 'S1449726555.788056,VS0,VE0',
390 verbose headers   vary: 'Accept' }
391 silly get cb [ 304,
391 silly get   { date: 'Thu, 10 Dec 2015 05:49:15 GMT',
391 silly get     via: '1.1 varnish',
391 silly get     'cache-control': 'max-age=60',
391 silly get     etag: '"7CEDVJA24M9BXRU7SU6WRSW4M"',
391 silly get     age: '31',
391 silly get     connection: 'keep-alive',
391 silly get     'x-served-by': 'cache-ord1720-ORD',
391 silly get     'x-cache': 'HIT',
391 silly get     'x-cache-hits': '1',
391 silly get     'x-timer': 'S1449726555.788056,VS0,VE0',
391 silly get     vary: 'Accept' } ]
392 verbose etag https://registry.npmjs.org/nan from cache
393 verbose get saving nan to /home/pi/.npm/registry.npmjs.org/nan/.cache.json
394 silly cache afterAdd bindings@1.2.1
395 verbose afterAdd /home/pi/.npm/bindings/1.2.1/package/package.json not in flight; writing
396 silly addNameRange number 2 { name: 'nan', range: '>=2.1.0 <2.2.0', hasData: true }
397 silly addNameRange versions [ 'nan',
397 silly addNameRange   [ '0.3.0-wip',
397 silly addNameRange     '0.3.0-wip2',
397 silly addNameRange     '0.3.0',
397 silly addNameRange     '0.3.1',
397 silly addNameRange     '0.3.2',
397 silly addNameRange     '0.4.0',
397 silly addNameRange     '0.4.1',
397 silly addNameRange     '0.4.2',
397 silly addNameRange     '0.4.3',
397 silly addNameRange     '0.4.4',
397 silly addNameRange     '0.5.0',
397 silly addNameRange     '0.5.1',
397 silly addNameRange     '0.5.2',
397 silly addNameRange     '0.6.0',
397 silly addNameRange     '0.7.0',
397 silly addNameRange     '0.7.1',
397 silly addNameRange     '0.8.0',
397 silly addNameRange     '1.0.0',
397 silly addNameRange     '1.1.0',
397 silly addNameRange     '1.1.1',
397 silly addNameRange     '1.1.2',
397 silly addNameRange     '1.2.0',
397 silly addNameRange     '1.3.0',
397 silly addNameRange     '1.4.0',
397 silly addNameRange     '1.4.1',
397 silly addNameRange     '1.5.0',
397 silly addNameRange     '1.4.2',
397 silly addNameRange     '1.4.3',
397 silly addNameRange     '1.5.1',
397 silly addNameRange     '1.5.2',
397 silly addNameRange     '1.6.0',
397 silly addNameRange     '1.5.3',
397 silly addNameRange     '1.6.1',
397 silly addNameRange     '1.6.2',
397 silly addNameRange     '1.7.0',
397 silly addNameRange     '1.8.0',
397 silly addNameRange     '1.8.1',
397 silly addNameRange     '1.8.2',
397 silly addNameRange     '1.8.3',
397 silly addNameRange     '1.8.4',
397 silly addNameRange     '1.9.0',
397 silly addNameRange     '2.0.0',
397 silly addNameRange     '2.0.1',
397 silly addNameRange     '2.0.2',
397 silly addNameRange     '2.0.3',
397 silly addNameRange     '2.0.4',
397 silly addNameRange     '2.0.5',
397 silly addNameRange     '2.0.6',
397 silly addNameRange     '2.0.7',
397 silly addNameRange     '2.0.8',
397 silly addNameRange     '2.0.9',
397 silly addNameRange     '2.1.0' ] ]
398 silly addNamed nan@2.1.0
399 verbose addNamed "2.1.0" is a plain semver version for nan
400 verbose afterAdd /home/pi/.npm/bindings/1.2.1/package/package.json written
401 verbose write writing to /home/pi/server/node_modules/rpi-gpio/node_modules/debug/node_modules/ms/package.json
402 silly cache afterAdd nan@2.1.0
403 verbose afterAdd /home/pi/.npm/nan/2.1.0/package/package.json not in flight; writing
404 info preinstall ms@0.7.1
405 verbose afterAdd /home/pi/.npm/nan/2.1.0/package/package.json written
406 silly install resolved [ { name: 'bindings',
406 silly install resolved     description: 'Helper module for loading your native module\'s .node file',
406 silly install resolved     keywords: [ 'native', 'addon', 'bindings', 'gyp', 'waf', 'c', 'c++' ],
406 silly install resolved     version: '1.2.1',
406 silly install resolved     author:
406 silly install resolved      { name: 'Nathan Rajlich',
406 silly install resolved        email: 'nathan@tootallnate.net',
406 silly install resolved        url: 'http://tootallnate.net' },
406 silly install resolved     repository:
406 silly install resolved      { type: 'git',
406 silly install resolved        url: 'git://github.com/TooTallNate/node-bindings.git' },
406 silly install resolved     main: './bindings.js',
406 silly install resolved     bugs: { url: 'https://github.com/TooTallNate/node-bindings/issues' },
406 silly install resolved     homepage: 'https://github.com/TooTallNate/node-bindings',
406 silly install resolved     license: 'MIT',
406 silly install resolved     gitHead: 'e404152ee27f8478ccbc7122ee051246e8e5ec02',
406 silly install resolved     _id: 'bindings@1.2.1',
406 silly install resolved     scripts: {},
406 silly install resolved     _shasum: '14ad6113812d2d37d72e67b4cacb4bb726505f11',
406 silly install resolved     _from: 'bindings@>=1.2.1 <1.3.0',
406 silly install resolved     _npmVersion: '1.4.14',
406 silly install resolved     _npmUser: { name: 'tootallnate', email: 'nathan@tootallnate.net' },
406 silly install resolved     maintainers: [ [Object], [Object] ],
406 silly install resolved     dist:
406 silly install resolved      { shasum: '14ad6113812d2d37d72e67b4cacb4bb726505f11',
406 silly install resolved        tarball: 'http://registry.npmjs.org/bindings/-/bindings-1.2.1.tgz' },
406 silly install resolved     directories: {},
406 silly install resolved     _resolved: 'https://registry.npmjs.org/bindings/-/bindings-1.2.1.tgz',
406 silly install resolved     readme: 'ERROR: No README data found!' },
406 silly install resolved   { name: 'nan',
406 silly install resolved     version: '2.1.0',
406 silly install resolved     description: 'Native Abstractions for Node.js: C++ header for Node 0.8 -> 4 compatibility',
406 silly install resolved     main: 'include_dirs.js',
406 silly install resolved     repository: { type: 'git', url: 'git://github.com/nodejs/nan.git' },
406 silly install resolved     scripts:
406 silly install resolved      { test: 'tap --gc test/js/*-test.js',
406 silly install resolved        'rebuild-tests': 'node-gyp rebuild --msvs_version=2013 --directory test',
406 silly install resolved        docs: 'doc/.build.sh' },
406 silly install resolved     contributors:
406 silly install resolved      [ [Object],
406 silly install resolved        [Object],
406 silly install resolved        [Object],
406 silly install resolved        [Object],
406 silly install resolved        [Object],
406 silly install resolved        [Object],
406 silly install resolved        [Object] ],
406 silly install resolved     devDependencies:
406 silly install resolved      { bindings: '~1.2.1',
406 silly install resolved        commander: '^2.8.1',
406 silly install resolved        glob: '^5.0.14',
406 silly install resolved        'node-gyp': '~3.0.1',
406 silly install resolved        tap: '~0.7.1',
406 silly install resolved        xtend: '~4.0.0' },
406 silly install resolved     license: 'MIT',
406 silly install resolved     bugs: { url: 'https://github.com/nodejs/nan/issues' },
406 silly install resolved     homepage: 'https://github.com/nodejs/nan#readme',
406 silly install resolved     _id: 'nan@2.1.0',
406 silly install resolved     _shasum: '020a7ccedc63fdee85f85967d5607849e74abbe8',
406 silly install resolved     _resolved: 'https://registry.npmjs.org/nan/-/nan-2.1.0.tgz',
406 silly install resolved     _from: 'nan@>=2.1.0 <2.2.0',
406 silly install resolved     _npmVersion: '3.3.5',
406 silly install resolved     _nodeVersion: '4.1.2',
406 silly install resolved     _npmUser: { name: 'kkoopa', email: 'bbyholm@abo.fi' },
406 silly install resolved     dist:
406 silly install resolved      { shasum: '020a7ccedc63fdee85f85967d5607849e74abbe8',
406 silly install resolved        tarball: 'http://registry.npmjs.org/nan/-/nan-2.1.0.tgz' },
406 silly install resolved     maintainers: [ [Object], [Object] ],
406 silly install resolved     directories: {},
406 silly install resolved     readme: 'ERROR: No README data found!' } ]
407 info install bindings@1.2.1 into /home/pi/server/node_modules/rpi-gpio/node_modules/epoll
408 info install nan@2.1.0 into /home/pi/server/node_modules/rpi-gpio/node_modules/epoll
409 info installOne bindings@1.2.1
410 verbose installOne of bindings to /home/pi/server/node_modules/rpi-gpio/node_modules/epoll not in flight; installing
411 info installOne nan@2.1.0
412 verbose installOne of nan to /home/pi/server/node_modules/rpi-gpio/node_modules/epoll not in flight; installing
413 verbose readDependencies loading dependencies from /home/pi/server/node_modules/rpi-gpio/node_modules/debug/node_modules/ms/package.json
414 verbose lock using /home/pi/.npm/_locks/bindings-b52fe76b03d24616.lock for /home/pi/server/node_modules/rpi-gpio/node_modules/epoll/node_modules/bindings
415 verbose lock using /home/pi/.npm/_locks/nan-1bd3863114746364.lock for /home/pi/server/node_modules/rpi-gpio/node_modules/epoll/node_modules/nan
416 silly install write writing bindings 1.2.1 to /home/pi/server/node_modules/rpi-gpio/node_modules/epoll/node_modules/bindings
417 silly install write writing nan 2.1.0 to /home/pi/server/node_modules/rpi-gpio/node_modules/epoll/node_modules/nan
418 verbose readDependencies loading dependencies from /home/pi/server/node_modules/rpi-gpio/node_modules/debug/node_modules/ms/package.json
419 verbose unbuild node_modules/rpi-gpio/node_modules/epoll/node_modules/bindings
420 verbose unbuild node_modules/rpi-gpio/node_modules/epoll/node_modules/nan
421 silly gentlyRm /home/pi/server/node_modules/rpi-gpio/node_modules/epoll/node_modules/bindings is being purged from base /home/pi/server
422 verbose gentlyRm don't care about contents; nuking /home/pi/server/node_modules/rpi-gpio/node_modules/epoll/node_modules/bindings
423 silly gentlyRm /home/pi/server/node_modules/rpi-gpio/node_modules/epoll/node_modules/nan is being purged from base /home/pi/server
424 verbose gentlyRm don't care about contents; nuking /home/pi/server/node_modules/rpi-gpio/node_modules/epoll/node_modules/nan
425 verbose tar unpack /home/pi/.npm/bindings/1.2.1/package.tgz
426 verbose tar unpacking to /home/pi/server/node_modules/rpi-gpio/node_modules/epoll/node_modules/bindings
427 silly gentlyRm /home/pi/server/node_modules/rpi-gpio/node_modules/epoll/node_modules/bindings is being purged
428 verbose gentlyRm don't care about contents; nuking /home/pi/server/node_modules/rpi-gpio/node_modules/epoll/node_modules/bindings
429 verbose tar unpack /home/pi/.npm/nan/2.1.0/package.tgz
430 verbose tar unpacking to /home/pi/server/node_modules/rpi-gpio/node_modules/epoll/node_modules/nan
431 silly gentlyRm /home/pi/server/node_modules/rpi-gpio/node_modules/epoll/node_modules/nan is being purged
432 verbose gentlyRm don't care about contents; nuking /home/pi/server/node_modules/rpi-gpio/node_modules/epoll/node_modules/nan
433 silly gunzTarPerm modes [ '755', '644' ]
434 silly gunzTarPerm modes [ '755', '644' ]
435 silly install resolved []
436 verbose about to build /home/pi/server/node_modules/rpi-gpio/node_modules/debug/node_modules/ms
437 info build /home/pi/server/node_modules/rpi-gpio/node_modules/debug/node_modules/ms
438 silly gunzTarPerm extractEntry package.json
439 info linkStuff ms@0.7.1
440 silly linkStuff ms@0.7.1 has /home/pi/server/node_modules/rpi-gpio/node_modules/debug/node_modules as its parent node_modules
441 silly gunzTarPerm extractEntry package.json
442 silly gunzTarPerm modified mode [ 'package.json', 436, 420 ]
443 silly gunzTarPerm extractEntry README.md
444 silly gunzTarPerm extractEntry bindings.js
445 verbose linkBins ms@0.7.1
446 verbose linkMans ms@0.7.1
447 verbose rebuildBundles ms@0.7.1
448 silly gunzTarPerm extractEntry README.md
449 silly gunzTarPerm modified mode [ 'README.md', 436, 420 ]
450 info install ms@0.7.1
451 silly gunzTarPerm extractEntry include_dirs.js
452 silly gunzTarPerm modified mode [ 'include_dirs.js', 436, 420 ]
453 info postinstall ms@0.7.1
454 verbose unlock done using /home/pi/.npm/_locks/ms-ebf3d45dff7f257e.lock for /home/pi/server/node_modules/rpi-gpio/node_modules/debug/node_modules/ms
455 verbose about to build /home/pi/server/node_modules/rpi-gpio/node_modules/debug
456 info build /home/pi/server/node_modules/rpi-gpio/node_modules/debug
457 silly gunzTarPerm extractEntry nan_converters.h
458 silly gunzTarPerm modified mode [ 'nan_converters.h', 436, 420 ]
459 silly gunzTarPerm extractEntry LICENSE.md
460 silly gunzTarPerm modified mode [ 'LICENSE.md', 436, 420 ]
461 silly gunzTarPerm extractEntry .dntrc
462 silly gunzTarPerm modified mode [ '.dntrc', 436, 420 ]
463 info linkStuff debug@2.2.0
464 silly linkStuff debug@2.2.0 has /home/pi/server/node_modules/rpi-gpio/node_modules as its parent node_modules
465 silly gunzTarPerm extractEntry appveyor.yml
466 silly gunzTarPerm modified mode [ 'appveyor.yml', 436, 420 ]
467 verbose linkBins debug@2.2.0
468 verbose linkMans debug@2.2.0
469 verbose rebuildBundles debug@2.2.0
470 verbose rebuildBundles [ 'ms' ]
471 info install debug@2.2.0
472 info postinstall debug@2.2.0
473 silly gunzTarPerm extractEntry doc/new.md
474 silly gunzTarPerm modified mode [ 'doc/new.md', 436, 420 ]
475 silly gunzTarPerm extractEntry doc/.build.sh
476 silly gunzTarPerm modified mode [ 'doc/.build.sh', 509, 493 ]
477 verbose unlock done using /home/pi/.npm/_locks/debug-88d25f94c5a1976d.lock for /home/pi/server/node_modules/rpi-gpio/node_modules/debug
478 silly gunzTarPerm extractEntry doc/buffers.md
479 silly gunzTarPerm modified mode [ 'doc/buffers.md', 436, 420 ]
480 silly gunzTarPerm extractEntry doc/callback.md
481 silly gunzTarPerm modified mode [ 'doc/callback.md', 436, 420 ]
482 verbose write writing to /home/pi/server/node_modules/rpi-gpio/node_modules/epoll/node_modules/bindings/package.json
483 silly gunzTarPerm extractEntry doc/converters.md
484 silly gunzTarPerm modified mode [ 'doc/converters.md', 436, 420 ]
485 silly gunzTarPerm extractEntry doc/errors.md
486 silly gunzTarPerm modified mode [ 'doc/errors.md', 436, 420 ]
487 info preinstall bindings@1.2.1
488 verbose readDependencies loading dependencies from /home/pi/server/node_modules/rpi-gpio/node_modules/epoll/node_modules/bindings/package.json
489 verbose readDependencies loading dependencies from /home/pi/server/node_modules/rpi-gpio/node_modules/epoll/node_modules/bindings/package.json
490 silly gunzTarPerm extractEntry doc/maybe_types.md
491 silly gunzTarPerm modified mode [ 'doc/maybe_types.md', 436, 420 ]
492 silly gunzTarPerm extractEntry doc/methods.md
493 silly gunzTarPerm modified mode [ 'doc/methods.md', 436, 420 ]
494 silly install resolved []
495 verbose about to build /home/pi/server/node_modules/rpi-gpio/node_modules/epoll/node_modules/bindings
496 info build /home/pi/server/node_modules/rpi-gpio/node_modules/epoll/node_modules/bindings
497 silly gunzTarPerm extractEntry doc/asyncworker.md
498 silly gunzTarPerm modified mode [ 'doc/asyncworker.md', 436, 420 ]
499 silly gunzTarPerm extractEntry doc/node_misc.md
500 silly gunzTarPerm modified mode [ 'doc/node_misc.md', 436, 420 ]
501 info linkStuff bindings@1.2.1
502 silly linkStuff bindings@1.2.1 has /home/pi/server/node_modules/rpi-gpio/node_modules/epoll/node_modules as its parent node_modules
503 verbose linkBins bindings@1.2.1
504 verbose linkMans bindings@1.2.1
505 verbose rebuildBundles bindings@1.2.1
506 info install bindings@1.2.1
507 silly gunzTarPerm extractEntry doc/persistent.md
508 silly gunzTarPerm modified mode [ 'doc/persistent.md', 436, 420 ]
509 silly gunzTarPerm extractEntry doc/scopes.md
510 silly gunzTarPerm modified mode [ 'doc/scopes.md', 436, 420 ]
511 info postinstall bindings@1.2.1
512 verbose unlock done using /home/pi/.npm/_locks/bindings-b52fe76b03d24616.lock for /home/pi/server/node_modules/rpi-gpio/node_modules/epoll/node_modules/bindings
513 silly gunzTarPerm extractEntry doc/script.md
514 silly gunzTarPerm modified mode [ 'doc/script.md', 436, 420 ]
515 silly gunzTarPerm extractEntry doc/string_bytes.md
516 silly gunzTarPerm modified mode [ 'doc/string_bytes.md', 436, 420 ]
517 silly gunzTarPerm extractEntry doc/v8_internals.md
518 silly gunzTarPerm modified mode [ 'doc/v8_internals.md', 436, 420 ]
519 silly gunzTarPerm extractEntry doc/v8_misc.md
520 silly gunzTarPerm modified mode [ 'doc/v8_misc.md', 436, 420 ]
521 silly gunzTarPerm extractEntry nan.h
522 silly gunzTarPerm modified mode [ 'nan.h', 436, 420 ]
523 silly gunzTarPerm extractEntry nan_callbacks.h
524 silly gunzTarPerm modified mode [ 'nan_callbacks.h', 436, 420 ]
525 silly gunzTarPerm extractEntry nan_callbacks_12_inl.h
526 silly gunzTarPerm modified mode [ 'nan_callbacks_12_inl.h', 436, 420 ]
527 silly gunzTarPerm extractEntry nan_callbacks_pre_12_inl.h
528 silly gunzTarPerm modified mode [ 'nan_callbacks_pre_12_inl.h', 436, 420 ]
529 silly gunzTarPerm extractEntry nan_converters_43_inl.h
530 silly gunzTarPerm modified mode [ 'nan_converters_43_inl.h', 436, 420 ]
531 silly gunzTarPerm extractEntry nan_converters_pre_43_inl.h
532 silly gunzTarPerm modified mode [ 'nan_converters_pre_43_inl.h', 436, 420 ]
533 silly gunzTarPerm extractEntry nan_implementation_12_inl.h
534 silly gunzTarPerm modified mode [ 'nan_implementation_12_inl.h', 436, 420 ]
535 silly gunzTarPerm extractEntry nan_implementation_pre_12_inl.h
536 silly gunzTarPerm modified mode [ 'nan_implementation_pre_12_inl.h', 436, 420 ]
537 silly gunzTarPerm extractEntry nan_maybe_43_inl.h
538 silly gunzTarPerm modified mode [ 'nan_maybe_43_inl.h', 436, 420 ]
539 silly gunzTarPerm extractEntry nan_maybe_pre_43_inl.h
540 silly gunzTarPerm modified mode [ 'nan_maybe_pre_43_inl.h', 436, 420 ]
541 silly gunzTarPerm extractEntry nan_new.h
542 silly gunzTarPerm modified mode [ 'nan_new.h', 436, 420 ]
543 silly gunzTarPerm extractEntry nan_object_wrap.h
544 silly gunzTarPerm modified mode [ 'nan_object_wrap.h', 436, 420 ]
545 silly gunzTarPerm extractEntry nan_persistent_12_inl.h
546 silly gunzTarPerm modified mode [ 'nan_persistent_12_inl.h', 436, 420 ]
547 silly gunzTarPerm extractEntry nan_persistent_pre_12_inl.h
548 silly gunzTarPerm modified mode [ 'nan_persistent_pre_12_inl.h', 436, 420 ]
549 silly gunzTarPerm extractEntry nan_string_bytes.h
550 silly gunzTarPerm modified mode [ 'nan_string_bytes.h', 436, 420 ]
551 silly gunzTarPerm extractEntry nan_typedarray_contents.h
552 silly gunzTarPerm modified mode [ 'nan_typedarray_contents.h', 436, 420 ]
553 silly gunzTarPerm extractEntry nan_weak.h
554 silly gunzTarPerm modified mode [ 'nan_weak.h', 436, 420 ]
555 silly gunzTarPerm extractEntry CHANGELOG.md
556 silly gunzTarPerm modified mode [ 'CHANGELOG.md', 436, 420 ]
557 silly gunzTarPerm extractEntry tools/package.json
558 silly gunzTarPerm modified mode [ 'tools/package.json', 436, 420 ]
559 silly gunzTarPerm extractEntry tools/README.md
560 silly gunzTarPerm modified mode [ 'tools/README.md', 436, 420 ]
561 silly gunzTarPerm extractEntry tools/1to2.js
562 silly gunzTarPerm modified mode [ 'tools/1to2.js', 509, 493 ]
563 verbose write writing to /home/pi/server/node_modules/rpi-gpio/node_modules/epoll/node_modules/nan/package.json
564 info preinstall nan@2.1.0
565 verbose readDependencies loading dependencies from /home/pi/server/node_modules/rpi-gpio/node_modules/epoll/node_modules/nan/package.json
566 verbose readDependencies loading dependencies from /home/pi/server/node_modules/rpi-gpio/node_modules/epoll/node_modules/nan/package.json
567 silly install resolved []
568 verbose about to build /home/pi/server/node_modules/rpi-gpio/node_modules/epoll/node_modules/nan
569 info build /home/pi/server/node_modules/rpi-gpio/node_modules/epoll/node_modules/nan
570 info linkStuff nan@2.1.0
571 silly linkStuff nan@2.1.0 has /home/pi/server/node_modules/rpi-gpio/node_modules/epoll/node_modules as its parent node_modules
572 verbose linkBins nan@2.1.0
573 verbose linkMans nan@2.1.0
574 verbose rebuildBundles nan@2.1.0
575 info install nan@2.1.0
576 info postinstall nan@2.1.0
577 verbose unlock done using /home/pi/.npm/_locks/nan-1bd3863114746364.lock for /home/pi/server/node_modules/rpi-gpio/node_modules/epoll/node_modules/nan
578 verbose about to build /home/pi/server/node_modules/rpi-gpio/node_modules/epoll
579 info build /home/pi/server/node_modules/rpi-gpio/node_modules/epoll
580 info linkStuff epoll@0.1.16
581 silly linkStuff epoll@0.1.16 has /home/pi/server/node_modules/rpi-gpio/node_modules as its parent node_modules
582 verbose linkBins epoll@0.1.16
583 verbose linkMans epoll@0.1.16
584 verbose rebuildBundles epoll@0.1.16
585 verbose rebuildBundles [ 'bindings', 'nan' ]
586 info install epoll@0.1.16
587 verbose unsafe-perm in lifecycle true
588 info epoll@0.1.16 Failed to exec install script
589 verbose unlock done using /home/pi/.npm/_locks/epoll-4aff822916039a87.lock for /home/pi/server/node_modules/rpi-gpio/node_modules/epoll
590 verbose about to build /home/pi/server/node_modules/rpi-gpio
591 verbose unlock done using /home/pi/.npm/_locks/rpi-gpio-bfb6bee3154d806c.lock for /home/pi/server/node_modules/rpi-gpio
592 verbose stack Error: epoll@0.1.16 install: `node-gyp rebuild`
592 verbose stack Exit status 1
592 verbose stack     at EventEmitter.<anonymous> (/usr/local/lib/node_modules/npm/lib/utils/lifecycle.js:214:16)
592 verbose stack     at emitTwo (events.js:87:13)
592 verbose stack     at EventEmitter.emit (events.js:172:7)
592 verbose stack     at ChildProcess.<anonymous> (/usr/local/lib/node_modules/npm/lib/utils/spawn.js:24:14)
592 verbose stack     at emitTwo (events.js:87:13)
592 verbose stack     at ChildProcess.emit (events.js:172:7)
592 verbose stack     at maybeClose (internal/child_process.js:818:16)
592 verbose stack     at Process.ChildProcess._handle.onexit (internal/child_process.js:211:5)
593 verbose pkgid epoll@0.1.16
594 verbose cwd /home/pi/server
595 error Linux 4.1.7-v7+
596 error argv "/usr/local/bin/node" "/usr/local/bin/npm" "i" "rpi-gpio"
597 error node v4.2.3
598 error npm  v2.14.7
599 error code ELIFECYCLE
600 error epoll@0.1.16 install: `node-gyp rebuild`
600 error Exit status 1
601 error Failed at the epoll@0.1.16 install script 'node-gyp rebuild'.
601 error This is most likely a problem with the epoll package,
601 error not with npm itself.
601 error Tell the author that this fails on your system:
601 error     node-gyp rebuild
601 error You can get their info via:
601 error     npm owner ls epoll
601 error There is likely additional logging output above.
602 verbose exit [ 1, true ]
603 verbose unbuild node_modules/rpi-gpio/node_modules/epoll
604 info preuninstall epoll@0.1.16
605 info uninstall epoll@0.1.16
606 verbose unbuild rmStuff epoll@0.1.16 from /home/pi/server/node_modules
607 verbose unbuild rmStuff in /home/pi/server/node_modules/rpi-gpio/node_modules
608 info postuninstall epoll@0.1.16
609 silly gentlyRm /home/pi/server/node_modules/rpi-gpio/node_modules/epoll is being purged from base /home/pi/server
610 verbose gentlyRm don't care about contents; nuking /home/pi/server/node_modules/rpi-gpio/node_modules/epoll
611 silly vacuum-fs purging /home/pi/server/node_modules/rpi-gpio/node_modules/epoll
612 silly vacuum-fs quitting because other entries in /home/pi/server/node_modules/rpi-gpio/node_modules
613 verbose unbuild node_modules/rpi-gpio
614 info preuninstall rpi-gpio@0.7.0
615 info uninstall rpi-gpio@0.7.0
616 verbose unbuild rmStuff rpi-gpio@0.7.0 from /home/pi/server/node_modules
617 info postuninstall rpi-gpio@0.7.0
618 silly gentlyRm /home/pi/server/node_modules/rpi-gpio is being purged from base /home/pi/server
619 verbose gentlyRm don't care about contents; nuking /home/pi/server/node_modules/rpi-gpio
620 silly vacuum-fs purging /home/pi/server/node_modules/rpi-gpio
621 silly vacuum-fs quitting because other entries in /home/pi/server/node_modules
